Терминалы не используются в грамматике

   TOK_USE


Грамматика

    0 $accept: commands $end

    1 commands: %empty
    2         | commands command

    3 command: show_query
    4        | select_query
    5        | insert_query
    6        | delete_query

    7 show_query: TOK_SHOW TOK_DATABASES
    8           | TOK_SHOW TOK_PROCESSLIST
    9           | TOK_SHOW TOK_TABLES
   10           | TOK_SHOW TOK_TABLE_STATUS
   11           | TOK_SHOW opt_for_show_status TOK_STATUS
   12           | TOK_SHOW opt_for_show_columns TOK_COLUMNS tok_from_or_in table_name
   13           | TOK_DESCRIBE table_name
   14           | TOK_SHOW opt_for_show_status TOK_VARIABLES TOK_LIKE VAL_QUOTED_STRING

   15 tok_from_or_in: TOK_IN
   16               | TOK_FROM

   17 opt_for_show_status: %empty
   18                    | FLAG_GLOBAL
   19                    | FLAG_SESSION
   20                    | FLAG_FILESYSTEM
   21                    | FLAG_RAM
   22                    | FLAG_AVG
   23                    | FLAG_UPTIME

   24 opt_for_show_columns: %empty
   25                     | FLAG_FULL

   26 select_query: TOK_SELECT VAL_SYSTEM_VARIBLE opt_for_limit
   27             | TOK_SELECT TOK_DATABASE BRACKETS_LEFT BRACKETS_RIGHT
   28             | TOK_SELECT opt_for_select_columns TOK_FROM table_name opt_for_where opt_for_order_by opt_for_limit

   29 opt_for_where: %empty
   30              | TOK_WHERE opt_for_where_expression_list

   31 opt_for_where_expression_list: opt_for_where_expression
   32                              | opt_for_where_expression_list TOK_OR opt_for_where_expression
   33                              | opt_for_where_expression_list TOK_AND opt_for_where_expression

   34 opt_for_where_expression: opt_for_select_expression_name TOK_LIKE opt_for_select_value
   35                         | opt_for_select_expression_name MORE opt_for_select_value
   36                         | opt_for_select_expression_name LESS opt_for_select_value
   37                         | opt_for_select_expression_name EQUALLY opt_for_select_value
   38                         | opt_for_select_expression_name TOK_IN BRACKETS_LEFT opt_for_select_value_list BRACKETS_RIGHT

   39 opt_for_select_value_list: opt_for_select_value
   40                          | opt_for_select_value_list COMMA opt_for_select_value

   41 opt_for_select_expression_name: VAL_NAME

   42 opt_for_select_value: quoted_custom_value

   43 opt_for_order_by: %empty
   44                 | TOK_ORDER_BY VAL_NAME
   45                 | TOK_ORDER_BY VAL_NAME TOK_ASC
   46                 | TOK_ORDER_BY VAL_NAME TOK_DESC

   47 opt_for_limit: %empty
   48              | TOK_LIMIT VAL_INT
   49              | TOK_LIMIT VAL_INT COMMA VAL_INT

   50 opt_for_select_columns: ASTERISK
   51                       | opt_for_select_columns_list

   52 opt_for_select_columns_list: select_quoted_name
   53                            | opt_for_select_columns_list COMMA select_quoted_name

   54 select_quoted_name: VAL_NAME

   55 insert_query: TOK_INSERT TOK_INTO table_name TOK_VALUES BRACKETS_LEFT opt_for_insert_values_list BRACKETS_RIGHT
   56             | TOK_INSERT TOK_INTO table_name BRACKETS_LEFT opt_for_insert_columns_list BRACKETS_RIGHT TOK_VALUES BRACKETS_LEFT opt_for_insert_values_list BRACKETS_RIGHT

   57 opt_for_insert_columns_list: insert_quoted_name
   58                            | opt_for_insert_columns_list COMMA insert_quoted_name

   59 opt_for_insert_values_list: insert_quoted_value
   60                           | opt_for_insert_values_list COMMA insert_quoted_value

   61 insert_quoted_name: VAL_NAME

   62 insert_quoted_value: quoted_custom_value

   63 delete_query: TOK_DELETE TOK_FROM table_name opt_for_where opt_for_order_by opt_for_limit

   64 table_name: VAL_NAME

   65 quoted_custom_value: VAL_QUOTED_STRING
   66                    | VAL_NAME
   67                    | VAL_INT


Терминальные символы с правилами, в которых они появляются

$end (0) 0
error (256)
TOK_SHOW (258) 7 8 9 10 11 12 14
TOK_DATABASES (259) 7
TOK_TABLES (260) 9
TOK_COLUMNS (261) 12
TOK_STATUS (262) 11
TOK_PROCESSLIST (263) 8
FLAG_GLOBAL (264) 18
FLAG_SESSION (265) 19
FLAG_FULL (266) 25
FLAG_FILESYSTEM (267) 20
FLAG_RAM (268) 21
FLAG_AVG (269) 22
FLAG_UPTIME (270) 23
TOK_FROM (271) 16 28 63
TOK_USE (272)
VAL_INT (273) 48 49 67
VAL_NAME (274) 41 44 45 46 54 61 64 66
TOK_SELECT (275) 26 27 28
TOK_LIMIT (276) 48 49
VAL_SYSTEM_VARIBLE (277) 26
TOK_INSERT (278) 55 56
TOK_INTO (279) 55 56
TOK_VALUES (280) 55 56
VAL_QUOTED_STRING (281) 14 65
BRACKETS_RIGHT (282) 27 38 55 56
COMMA (283) 40 49 53 58 60
BRACKETS_LEFT (284) 27 38 55 56
EQUALLY (285) 37
ASTERISK (286) 50
TOK_LIKE (287) 14 34
TOK_VARIABLES (288) 14
TOK_TABLE_STATUS (289) 10
TOK_DESCRIBE (290) 13
TOK_WHERE (291) 30
TOK_ASC (292) 45
TOK_DESC (293) 46
TOK_ORDER_BY (294) 44 45 46
TOK_DELETE (295) 63
TOK_IN (296) 15 38
TOK_OR (297) 32
TOK_AND (298) 33
MORE (299) 35
LESS (300) 36
TOK_DATABASE (301) 27


Нетерминальные символы с правилами, в которых они появляются

$accept (47)
    налево: 0
commands (48)
    налево: 1 2, направо: 0 2
command (49)
    налево: 3 4 5 6, направо: 2
show_query (50)
    налево: 7 8 9 10 11 12 13 14, направо: 3
tok_from_or_in (51)
    налево: 15 16, направо: 12
opt_for_show_status (52)
    налево: 17 18 19 20 21 22 23, направо: 11 14
opt_for_show_columns (53)
    налево: 24 25, направо: 12
select_query (54)
    налево: 26 27 28, направо: 4
opt_for_where (55)
    налево: 29 30, направо: 28 63
opt_for_where_expression_list (56)
    налево: 31 32 33, направо: 30 32 33
opt_for_where_expression (57)
    налево: 34 35 36 37 38, направо: 31 32 33
opt_for_select_value_list (58)
    налево: 39 40, направо: 38 40
opt_for_select_expression_name (59)
    налево: 41, направо: 34 35 36 37 38
opt_for_select_value (60)
    налево: 42, направо: 34 35 36 37 39 40
opt_for_order_by (61)
    налево: 43 44 45 46, направо: 28 63
opt_for_limit (62)
    налево: 47 48 49, направо: 26 28 63
opt_for_select_columns (63)
    налево: 50 51, направо: 28
opt_for_select_columns_list (64)
    налево: 52 53, направо: 51 53
select_quoted_name (65)
    налево: 54, направо: 52 53
insert_query (66)
    налево: 55 56, направо: 5
opt_for_insert_columns_list (67)
    налево: 57 58, направо: 56 58
opt_for_insert_values_list (68)
    налево: 59 60, направо: 55 56 60
insert_quoted_name (69)
    налево: 61, направо: 57 58
insert_quoted_value (70)
    налево: 62, направо: 59 60
delete_query (71)
    налево: 63, направо: 6
table_name (72)
    налево: 64, направо: 12 13 28 55 56 63
quoted_custom_value (73)
    налево: 65 66 67, направо: 42 62


Состояние 0

    0 $accept: . commands $end

    $default  вывод с использованием правила 1 (commands)

    commands  переход в состояние 1


Состояние 1

    0 $accept: commands . $end
    2 commands: commands . command

    $end          сдвиг, и переход в состояние 2
    TOK_SHOW      сдвиг, и переход в состояние 3
    TOK_SELECT    сдвиг, и переход в состояние 4
    TOK_INSERT    сдвиг, и переход в состояние 5
    TOK_DESCRIBE  сдвиг, и переход в состояние 6
    TOK_DELETE    сдвиг, и переход в состояние 7

    command       переход в состояние 8
    show_query    переход в состояние 9
    select_query  переход в состояние 10
    insert_query  переход в состояние 11
    delete_query  переход в состояние 12


Состояние 2

    0 $accept: commands $end .

    $default  принять


Состояние 3

    7 show_query: TOK_SHOW . TOK_DATABASES
    8           | TOK_SHOW . TOK_PROCESSLIST
    9           | TOK_SHOW . TOK_TABLES
   10           | TOK_SHOW . TOK_TABLE_STATUS
   11           | TOK_SHOW . opt_for_show_status TOK_STATUS
   12           | TOK_SHOW . opt_for_show_columns TOK_COLUMNS tok_from_or_in table_name
   14           | TOK_SHOW . opt_for_show_status TOK_VARIABLES TOK_LIKE VAL_QUOTED_STRING

    TOK_DATABASES     сдвиг, и переход в состояние 13
    TOK_TABLES        сдвиг, и переход в состояние 14
    TOK_PROCESSLIST   сдвиг, и переход в состояние 15
    FLAG_GLOBAL       сдвиг, и переход в состояние 16
    FLAG_SESSION      сдвиг, и переход в состояние 17
    FLAG_FULL         сдвиг, и переход в состояние 18
    FLAG_FILESYSTEM   сдвиг, и переход в состояние 19
    FLAG_RAM          сдвиг, и переход в состояние 20
    FLAG_AVG          сдвиг, и переход в состояние 21
    FLAG_UPTIME       сдвиг, и переход в состояние 22
    TOK_TABLE_STATUS  сдвиг, и переход в состояние 23

    TOK_COLUMNS  вывод с использованием правила 24 (opt_for_show_columns)
    $default     вывод с использованием правила 17 (opt_for_show_status)

    opt_for_show_status   переход в состояние 24
    opt_for_show_columns  переход в состояние 25


Состояние 4

   26 select_query: TOK_SELECT . VAL_SYSTEM_VARIBLE opt_for_limit
   27             | TOK_SELECT . TOK_DATABASE BRACKETS_LEFT BRACKETS_RIGHT
   28             | TOK_SELECT . opt_for_select_columns TOK_FROM table_name opt_for_where opt_for_order_by opt_for_limit

    VAL_NAME            сдвиг, и переход в состояние 26
    VAL_SYSTEM_VARIBLE  сдвиг, и переход в состояние 27
    ASTERISK            сдвиг, и переход в состояние 28
    TOK_DATABASE        сдвиг, и переход в состояние 29

    opt_for_select_columns       переход в состояние 30
    opt_for_select_columns_list  переход в состояние 31
    select_quoted_name           переход в состояние 32


Состояние 5

   55 insert_query: TOK_INSERT . TOK_INTO table_name TOK_VALUES BRACKETS_LEFT opt_for_insert_values_list BRACKETS_RIGHT
   56             | TOK_INSERT . TOK_INTO table_name BRACKETS_LEFT opt_for_insert_columns_list BRACKETS_RIGHT TOK_VALUES BRACKETS_LEFT opt_for_insert_values_list BRACKETS_RIGHT

    TOK_INTO  сдвиг, и переход в состояние 33


Состояние 6

   13 show_query: TOK_DESCRIBE . table_name

    VAL_NAME  сдвиг, и переход в состояние 34

    table_name  переход в состояние 35


Состояние 7

   63 delete_query: TOK_DELETE . TOK_FROM table_name opt_for_where opt_for_order_by opt_for_limit

    TOK_FROM  сдвиг, и переход в состояние 36


Состояние 8

    2 commands: commands command .

    $default  вывод с использованием правила 2 (commands)


Состояние 9

    3 command: show_query .

    $default  вывод с использованием правила 3 (command)


Состояние 10

    4 command: select_query .

    $default  вывод с использованием правила 4 (command)


Состояние 11

    5 command: insert_query .

    $default  вывод с использованием правила 5 (command)


Состояние 12

    6 command: delete_query .

    $default  вывод с использованием правила 6 (command)


Состояние 13

    7 show_query: TOK_SHOW TOK_DATABASES .

    $default  вывод с использованием правила 7 (show_query)


Состояние 14

    9 show_query: TOK_SHOW TOK_TABLES .

    $default  вывод с использованием правила 9 (show_query)


Состояние 15

    8 show_query: TOK_SHOW TOK_PROCESSLIST .

    $default  вывод с использованием правила 8 (show_query)


Состояние 16

   18 opt_for_show_status: FLAG_GLOBAL .

    $default  вывод с использованием правила 18 (opt_for_show_status)


Состояние 17

   19 opt_for_show_status: FLAG_SESSION .

    $default  вывод с использованием правила 19 (opt_for_show_status)


Состояние 18

   25 opt_for_show_columns: FLAG_FULL .

    $default  вывод с использованием правила 25 (opt_for_show_columns)


Состояние 19

   20 opt_for_show_status: FLAG_FILESYSTEM .

    $default  вывод с использованием правила 20 (opt_for_show_status)


Состояние 20

   21 opt_for_show_status: FLAG_RAM .

    $default  вывод с использованием правила 21 (opt_for_show_status)


Состояние 21

   22 opt_for_show_status: FLAG_AVG .

    $default  вывод с использованием правила 22 (opt_for_show_status)


Состояние 22

   23 opt_for_show_status: FLAG_UPTIME .

    $default  вывод с использованием правила 23 (opt_for_show_status)


Состояние 23

   10 show_query: TOK_SHOW TOK_TABLE_STATUS .

    $default  вывод с использованием правила 10 (show_query)


Состояние 24

   11 show_query: TOK_SHOW opt_for_show_status . TOK_STATUS
   14           | TOK_SHOW opt_for_show_status . TOK_VARIABLES TOK_LIKE VAL_QUOTED_STRING

    TOK_STATUS     сдвиг, и переход в состояние 37
    TOK_VARIABLES  сдвиг, и переход в состояние 38


Состояние 25

   12 show_query: TOK_SHOW opt_for_show_columns . TOK_COLUMNS tok_from_or_in table_name

    TOK_COLUMNS  сдвиг, и переход в состояние 39


Состояние 26

   54 select_quoted_name: VAL_NAME .

    $default  вывод с использованием правила 54 (select_quoted_name)


Состояние 27

   26 select_query: TOK_SELECT VAL_SYSTEM_VARIBLE . opt_for_limit

    TOK_LIMIT  сдвиг, и переход в состояние 40

    $default  вывод с использованием правила 47 (opt_for_limit)

    opt_for_limit  переход в состояние 41


Состояние 28

   50 opt_for_select_columns: ASTERISK .

    $default  вывод с использованием правила 50 (opt_for_select_columns)


Состояние 29

   27 select_query: TOK_SELECT TOK_DATABASE . BRACKETS_LEFT BRACKETS_RIGHT

    BRACKETS_LEFT  сдвиг, и переход в состояние 42


Состояние 30

   28 select_query: TOK_SELECT opt_for_select_columns . TOK_FROM table_name opt_for_where opt_for_order_by opt_for_limit

    TOK_FROM  сдвиг, и переход в состояние 43


Состояние 31

   51 opt_for_select_columns: opt_for_select_columns_list .
   53 opt_for_select_columns_list: opt_for_select_columns_list . COMMA select_quoted_name

    COMMA  сдвиг, и переход в состояние 44

    $default  вывод с использованием правила 51 (opt_for_select_columns)


Состояние 32

   52 opt_for_select_columns_list: select_quoted_name .

    $default  вывод с использованием правила 52 (opt_for_select_columns_list)


Состояние 33

   55 insert_query: TOK_INSERT TOK_INTO . table_name TOK_VALUES BRACKETS_LEFT opt_for_insert_values_list BRACKETS_RIGHT
   56             | TOK_INSERT TOK_INTO . table_name BRACKETS_LEFT opt_for_insert_columns_list BRACKETS_RIGHT TOK_VALUES BRACKETS_LEFT opt_for_insert_values_list BRACKETS_RIGHT

    VAL_NAME  сдвиг, и переход в состояние 34

    table_name  переход в состояние 45


Состояние 34

   64 table_name: VAL_NAME .

    $default  вывод с использованием правила 64 (table_name)


Состояние 35

   13 show_query: TOK_DESCRIBE table_name .

    $default  вывод с использованием правила 13 (show_query)


Состояние 36

   63 delete_query: TOK_DELETE TOK_FROM . table_name opt_for_where opt_for_order_by opt_for_limit

    VAL_NAME  сдвиг, и переход в состояние 34

    table_name  переход в состояние 46


Состояние 37

   11 show_query: TOK_SHOW opt_for_show_status TOK_STATUS .

    $default  вывод с использованием правила 11 (show_query)


Состояние 38

   14 show_query: TOK_SHOW opt_for_show_status TOK_VARIABLES . TOK_LIKE VAL_QUOTED_STRING

    TOK_LIKE  сдвиг, и переход в состояние 47


Состояние 39

   12 show_query: TOK_SHOW opt_for_show_columns TOK_COLUMNS . tok_from_or_in table_name

    TOK_FROM  сдвиг, и переход в состояние 48
    TOK_IN    сдвиг, и переход в состояние 49

    tok_from_or_in  переход в состояние 50


Состояние 40

   48 opt_for_limit: TOK_LIMIT . VAL_INT
   49              | TOK_LIMIT . VAL_INT COMMA VAL_INT

    VAL_INT  сдвиг, и переход в состояние 51


Состояние 41

   26 select_query: TOK_SELECT VAL_SYSTEM_VARIBLE opt_for_limit .

    $default  вывод с использованием правила 26 (select_query)


Состояние 42

   27 select_query: TOK_SELECT TOK_DATABASE BRACKETS_LEFT . BRACKETS_RIGHT

    BRACKETS_RIGHT  сдвиг, и переход в состояние 52


Состояние 43

   28 select_query: TOK_SELECT opt_for_select_columns TOK_FROM . table_name opt_for_where opt_for_order_by opt_for_limit

    VAL_NAME  сдвиг, и переход в состояние 34

    table_name  переход в состояние 53


Состояние 44

   53 opt_for_select_columns_list: opt_for_select_columns_list COMMA . select_quoted_name

    VAL_NAME  сдвиг, и переход в состояние 26

    select_quoted_name  переход в состояние 54


Состояние 45

   55 insert_query: TOK_INSERT TOK_INTO table_name . TOK_VALUES BRACKETS_LEFT opt_for_insert_values_list BRACKETS_RIGHT
   56             | TOK_INSERT TOK_INTO table_name . BRACKETS_LEFT opt_for_insert_columns_list BRACKETS_RIGHT TOK_VALUES BRACKETS_LEFT opt_for_insert_values_list BRACKETS_RIGHT

    TOK_VALUES     сдвиг, и переход в состояние 55
    BRACKETS_LEFT  сдвиг, и переход в состояние 56


Состояние 46

   63 delete_query: TOK_DELETE TOK_FROM table_name . opt_for_where opt_for_order_by opt_for_limit

    TOK_WHERE  сдвиг, и переход в состояние 57

    $default  вывод с использованием правила 29 (opt_for_where)

    opt_for_where  переход в состояние 58


Состояние 47

   14 show_query: TOK_SHOW opt_for_show_status TOK_VARIABLES TOK_LIKE . VAL_QUOTED_STRING

    VAL_QUOTED_STRING  сдвиг, и переход в состояние 59


Состояние 48

   16 tok_from_or_in: TOK_FROM .

    $default  вывод с использованием правила 16 (tok_from_or_in)


Состояние 49

   15 tok_from_or_in: TOK_IN .

    $default  вывод с использованием правила 15 (tok_from_or_in)


Состояние 50

   12 show_query: TOK_SHOW opt_for_show_columns TOK_COLUMNS tok_from_or_in . table_name

    VAL_NAME  сдвиг, и переход в состояние 34

    table_name  переход в состояние 60


Состояние 51

   48 opt_for_limit: TOK_LIMIT VAL_INT .
   49              | TOK_LIMIT VAL_INT . COMMA VAL_INT

    COMMA  сдвиг, и переход в состояние 61

    $default  вывод с использованием правила 48 (opt_for_limit)


Состояние 52

   27 select_query: TOK_SELECT TOK_DATABASE BRACKETS_LEFT BRACKETS_RIGHT .

    $default  вывод с использованием правила 27 (select_query)


Состояние 53

   28 select_query: TOK_SELECT opt_for_select_columns TOK_FROM table_name . opt_for_where opt_for_order_by opt_for_limit

    TOK_WHERE  сдвиг, и переход в состояние 57

    $default  вывод с использованием правила 29 (opt_for_where)

    opt_for_where  переход в состояние 62


Состояние 54

   53 opt_for_select_columns_list: opt_for_select_columns_list COMMA select_quoted_name .

    $default  вывод с использованием правила 53 (opt_for_select_columns_list)


Состояние 55

   55 insert_query: TOK_INSERT TOK_INTO table_name TOK_VALUES . BRACKETS_LEFT opt_for_insert_values_list BRACKETS_RIGHT

    BRACKETS_LEFT  сдвиг, и переход в состояние 63


Состояние 56

   56 insert_query: TOK_INSERT TOK_INTO table_name BRACKETS_LEFT . opt_for_insert_columns_list BRACKETS_RIGHT TOK_VALUES BRACKETS_LEFT opt_for_insert_values_list BRACKETS_RIGHT

    VAL_NAME  сдвиг, и переход в состояние 64

    opt_for_insert_columns_list  переход в состояние 65
    insert_quoted_name           переход в состояние 66


Состояние 57

   30 opt_for_where: TOK_WHERE . opt_for_where_expression_list

    VAL_NAME  сдвиг, и переход в состояние 67

    opt_for_where_expression_list   переход в состояние 68
    opt_for_where_expression        переход в состояние 69
    opt_for_select_expression_name  переход в состояние 70


Состояние 58

   63 delete_query: TOK_DELETE TOK_FROM table_name opt_for_where . opt_for_order_by opt_for_limit

    TOK_ORDER_BY  сдвиг, и переход в состояние 71

    $default  вывод с использованием правила 43 (opt_for_order_by)

    opt_for_order_by  переход в состояние 72


Состояние 59

   14 show_query: TOK_SHOW opt_for_show_status TOK_VARIABLES TOK_LIKE VAL_QUOTED_STRING .

    $default  вывод с использованием правила 14 (show_query)


Состояние 60

   12 show_query: TOK_SHOW opt_for_show_columns TOK_COLUMNS tok_from_or_in table_name .

    $default  вывод с использованием правила 12 (show_query)


Состояние 61

   49 opt_for_limit: TOK_LIMIT VAL_INT COMMA . VAL_INT

    VAL_INT  сдвиг, и переход в состояние 73


Состояние 62

   28 select_query: TOK_SELECT opt_for_select_columns TOK_FROM table_name opt_for_where . opt_for_order_by opt_for_limit

    TOK_ORDER_BY  сдвиг, и переход в состояние 71

    $default  вывод с использованием правила 43 (opt_for_order_by)

    opt_for_order_by  переход в состояние 74


Состояние 63

   55 insert_query: TOK_INSERT TOK_INTO table_name TOK_VALUES BRACKETS_LEFT . opt_for_insert_values_list BRACKETS_RIGHT

    VAL_INT            сдвиг, и переход в состояние 75
    VAL_NAME           сдвиг, и переход в состояние 76
    VAL_QUOTED_STRING  сдвиг, и переход в состояние 77

    opt_for_insert_values_list  переход в состояние 78
    insert_quoted_value         переход в состояние 79
    quoted_custom_value         переход в состояние 80


Состояние 64

   61 insert_quoted_name: VAL_NAME .

    $default  вывод с использованием правила 61 (insert_quoted_name)


Состояние 65

   56 insert_query: TOK_INSERT TOK_INTO table_name BRACKETS_LEFT opt_for_insert_columns_list . BRACKETS_RIGHT TOK_VALUES BRACKETS_LEFT opt_for_insert_values_list BRACKETS_RIGHT
   58 opt_for_insert_columns_list: opt_for_insert_columns_list . COMMA insert_quoted_name

    BRACKETS_RIGHT  сдвиг, и переход в состояние 81
    COMMA           сдвиг, и переход в состояние 82


Состояние 66

   57 opt_for_insert_columns_list: insert_quoted_name .

    $default  вывод с использованием правила 57 (opt_for_insert_columns_list)


Состояние 67

   41 opt_for_select_expression_name: VAL_NAME .

    $default  вывод с использованием правила 41 (opt_for_select_expression_name)


Состояние 68

   30 opt_for_where: TOK_WHERE opt_for_where_expression_list .
   32 opt_for_where_expression_list: opt_for_where_expression_list . TOK_OR opt_for_where_expression
   33                              | opt_for_where_expression_list . TOK_AND opt_for_where_expression

    TOK_OR   сдвиг, и переход в состояние 83
    TOK_AND  сдвиг, и переход в состояние 84

    $default  вывод с использованием правила 30 (opt_for_where)


Состояние 69

   31 opt_for_where_expression_list: opt_for_where_expression .

    $default  вывод с использованием правила 31 (opt_for_where_expression_list)


Состояние 70

   34 opt_for_where_expression: opt_for_select_expression_name . TOK_LIKE opt_for_select_value
   35                         | opt_for_select_expression_name . MORE opt_for_select_value
   36                         | opt_for_select_expression_name . LESS opt_for_select_value
   37                         | opt_for_select_expression_name . EQUALLY opt_for_select_value
   38                         | opt_for_select_expression_name . TOK_IN BRACKETS_LEFT opt_for_select_value_list BRACKETS_RIGHT

    EQUALLY   сдвиг, и переход в состояние 85
    TOK_LIKE  сдвиг, и переход в состояние 86
    TOK_IN    сдвиг, и переход в состояние 87
    MORE      сдвиг, и переход в состояние 88
    LESS      сдвиг, и переход в состояние 89


Состояние 71

   44 opt_for_order_by: TOK_ORDER_BY . VAL_NAME
   45                 | TOK_ORDER_BY . VAL_NAME TOK_ASC
   46                 | TOK_ORDER_BY . VAL_NAME TOK_DESC

    VAL_NAME  сдвиг, и переход в состояние 90


Состояние 72

   63 delete_query: TOK_DELETE TOK_FROM table_name opt_for_where opt_for_order_by . opt_for_limit

    TOK_LIMIT  сдвиг, и переход в состояние 40

    $default  вывод с использованием правила 47 (opt_for_limit)

    opt_for_limit  переход в состояние 91


Состояние 73

   49 opt_for_limit: TOK_LIMIT VAL_INT COMMA VAL_INT .

    $default  вывод с использованием правила 49 (opt_for_limit)


Состояние 74

   28 select_query: TOK_SELECT opt_for_select_columns TOK_FROM table_name opt_for_where opt_for_order_by . opt_for_limit

    TOK_LIMIT  сдвиг, и переход в состояние 40

    $default  вывод с использованием правила 47 (opt_for_limit)

    opt_for_limit  переход в состояние 92


Состояние 75

   67 quoted_custom_value: VAL_INT .

    $default  вывод с использованием правила 67 (quoted_custom_value)


Состояние 76

   66 quoted_custom_value: VAL_NAME .

    $default  вывод с использованием правила 66 (quoted_custom_value)


Состояние 77

   65 quoted_custom_value: VAL_QUOTED_STRING .

    $default  вывод с использованием правила 65 (quoted_custom_value)


Состояние 78

   55 insert_query: TOK_INSERT TOK_INTO table_name TOK_VALUES BRACKETS_LEFT opt_for_insert_values_list . BRACKETS_RIGHT
   60 opt_for_insert_values_list: opt_for_insert_values_list . COMMA insert_quoted_value

    BRACKETS_RIGHT  сдвиг, и переход в состояние 93
    COMMA           сдвиг, и переход в состояние 94


Состояние 79

   59 opt_for_insert_values_list: insert_quoted_value .

    $default  вывод с использованием правила 59 (opt_for_insert_values_list)


Состояние 80

   62 insert_quoted_value: quoted_custom_value .

    $default  вывод с использованием правила 62 (insert_quoted_value)


Состояние 81

   56 insert_query: TOK_INSERT TOK_INTO table_name BRACKETS_LEFT opt_for_insert_columns_list BRACKETS_RIGHT . TOK_VALUES BRACKETS_LEFT opt_for_insert_values_list BRACKETS_RIGHT

    TOK_VALUES  сдвиг, и переход в состояние 95


Состояние 82

   58 opt_for_insert_columns_list: opt_for_insert_columns_list COMMA . insert_quoted_name

    VAL_NAME  сдвиг, и переход в состояние 64

    insert_quoted_name  переход в состояние 96


Состояние 83

   32 opt_for_where_expression_list: opt_for_where_expression_list TOK_OR . opt_for_where_expression

    VAL_NAME  сдвиг, и переход в состояние 67

    opt_for_where_expression        переход в состояние 97
    opt_for_select_expression_name  переход в состояние 70


Состояние 84

   33 opt_for_where_expression_list: opt_for_where_expression_list TOK_AND . opt_for_where_expression

    VAL_NAME  сдвиг, и переход в состояние 67

    opt_for_where_expression        переход в состояние 98
    opt_for_select_expression_name  переход в состояние 70


Состояние 85

   37 opt_for_where_expression: opt_for_select_expression_name EQUALLY . opt_for_select_value

    VAL_INT            сдвиг, и переход в состояние 75
    VAL_NAME           сдвиг, и переход в состояние 76
    VAL_QUOTED_STRING  сдвиг, и переход в состояние 77

    opt_for_select_value  переход в состояние 99
    quoted_custom_value   переход в состояние 100


Состояние 86

   34 opt_for_where_expression: opt_for_select_expression_name TOK_LIKE . opt_for_select_value

    VAL_INT            сдвиг, и переход в состояние 75
    VAL_NAME           сдвиг, и переход в состояние 76
    VAL_QUOTED_STRING  сдвиг, и переход в состояние 77

    opt_for_select_value  переход в состояние 101
    quoted_custom_value   переход в состояние 100


Состояние 87

   38 opt_for_where_expression: opt_for_select_expression_name TOK_IN . BRACKETS_LEFT opt_for_select_value_list BRACKETS_RIGHT

    BRACKETS_LEFT  сдвиг, и переход в состояние 102


Состояние 88

   35 opt_for_where_expression: opt_for_select_expression_name MORE . opt_for_select_value

    VAL_INT            сдвиг, и переход в состояние 75
    VAL_NAME           сдвиг, и переход в состояние 76
    VAL_QUOTED_STRING  сдвиг, и переход в состояние 77

    opt_for_select_value  переход в состояние 103
    quoted_custom_value   переход в состояние 100


Состояние 89

   36 opt_for_where_expression: opt_for_select_expression_name LESS . opt_for_select_value

    VAL_INT            сдвиг, и переход в состояние 75
    VAL_NAME           сдвиг, и переход в состояние 76
    VAL_QUOTED_STRING  сдвиг, и переход в состояние 77

    opt_for_select_value  переход в состояние 104
    quoted_custom_value   переход в состояние 100


Состояние 90

   44 opt_for_order_by: TOK_ORDER_BY VAL_NAME .
   45                 | TOK_ORDER_BY VAL_NAME . TOK_ASC
   46                 | TOK_ORDER_BY VAL_NAME . TOK_DESC

    TOK_ASC   сдвиг, и переход в состояние 105
    TOK_DESC  сдвиг, и переход в состояние 106

    $default  вывод с использованием правила 44 (opt_for_order_by)


Состояние 91

   63 delete_query: TOK_DELETE TOK_FROM table_name opt_for_where opt_for_order_by opt_for_limit .

    $default  вывод с использованием правила 63 (delete_query)


Состояние 92

   28 select_query: TOK_SELECT opt_for_select_columns TOK_FROM table_name opt_for_where opt_for_order_by opt_for_limit .

    $default  вывод с использованием правила 28 (select_query)


Состояние 93

   55 insert_query: TOK_INSERT TOK_INTO table_name TOK_VALUES BRACKETS_LEFT opt_for_insert_values_list BRACKETS_RIGHT .

    $default  вывод с использованием правила 55 (insert_query)


Состояние 94

   60 opt_for_insert_values_list: opt_for_insert_values_list COMMA . insert_quoted_value

    VAL_INT            сдвиг, и переход в состояние 75
    VAL_NAME           сдвиг, и переход в состояние 76
    VAL_QUOTED_STRING  сдвиг, и переход в состояние 77

    insert_quoted_value  переход в состояние 107
    quoted_custom_value  переход в состояние 80


Состояние 95

   56 insert_query: TOK_INSERT TOK_INTO table_name BRACKETS_LEFT opt_for_insert_columns_list BRACKETS_RIGHT TOK_VALUES . BRACKETS_LEFT opt_for_insert_values_list BRACKETS_RIGHT

    BRACKETS_LEFT  сдвиг, и переход в состояние 108


Состояние 96

   58 opt_for_insert_columns_list: opt_for_insert_columns_list COMMA insert_quoted_name .

    $default  вывод с использованием правила 58 (opt_for_insert_columns_list)


Состояние 97

   32 opt_for_where_expression_list: opt_for_where_expression_list TOK_OR opt_for_where_expression .

    $default  вывод с использованием правила 32 (opt_for_where_expression_list)


Состояние 98

   33 opt_for_where_expression_list: opt_for_where_expression_list TOK_AND opt_for_where_expression .

    $default  вывод с использованием правила 33 (opt_for_where_expression_list)


Состояние 99

   37 opt_for_where_expression: opt_for_select_expression_name EQUALLY opt_for_select_value .

    $default  вывод с использованием правила 37 (opt_for_where_expression)


Состояние 100

   42 opt_for_select_value: quoted_custom_value .

    $default  вывод с использованием правила 42 (opt_for_select_value)


Состояние 101

   34 opt_for_where_expression: opt_for_select_expression_name TOK_LIKE opt_for_select_value .

    $default  вывод с использованием правила 34 (opt_for_where_expression)


Состояние 102

   38 opt_for_where_expression: opt_for_select_expression_name TOK_IN BRACKETS_LEFT . opt_for_select_value_list BRACKETS_RIGHT

    VAL_INT            сдвиг, и переход в состояние 75
    VAL_NAME           сдвиг, и переход в состояние 76
    VAL_QUOTED_STRING  сдвиг, и переход в состояние 77

    opt_for_select_value_list  переход в состояние 109
    opt_for_select_value       переход в состояние 110
    quoted_custom_value        переход в состояние 100


Состояние 103

   35 opt_for_where_expression: opt_for_select_expression_name MORE opt_for_select_value .

    $default  вывод с использованием правила 35 (opt_for_where_expression)


Состояние 104

   36 opt_for_where_expression: opt_for_select_expression_name LESS opt_for_select_value .

    $default  вывод с использованием правила 36 (opt_for_where_expression)


Состояние 105

   45 opt_for_order_by: TOK_ORDER_BY VAL_NAME TOK_ASC .

    $default  вывод с использованием правила 45 (opt_for_order_by)


Состояние 106

   46 opt_for_order_by: TOK_ORDER_BY VAL_NAME TOK_DESC .

    $default  вывод с использованием правила 46 (opt_for_order_by)


Состояние 107

   60 opt_for_insert_values_list: opt_for_insert_values_list COMMA insert_quoted_value .

    $default  вывод с использованием правила 60 (opt_for_insert_values_list)


Состояние 108

   56 insert_query: TOK_INSERT TOK_INTO table_name BRACKETS_LEFT opt_for_insert_columns_list BRACKETS_RIGHT TOK_VALUES BRACKETS_LEFT . opt_for_insert_values_list BRACKETS_RIGHT

    VAL_INT            сдвиг, и переход в состояние 75
    VAL_NAME           сдвиг, и переход в состояние 76
    VAL_QUOTED_STRING  сдвиг, и переход в состояние 77

    opt_for_insert_values_list  переход в состояние 111
    insert_quoted_value         переход в состояние 79
    quoted_custom_value         переход в состояние 80


Состояние 109

   38 opt_for_where_expression: opt_for_select_expression_name TOK_IN BRACKETS_LEFT opt_for_select_value_list . BRACKETS_RIGHT
   40 opt_for_select_value_list: opt_for_select_value_list . COMMA opt_for_select_value

    BRACKETS_RIGHT  сдвиг, и переход в состояние 112
    COMMA           сдвиг, и переход в состояние 113


Состояние 110

   39 opt_for_select_value_list: opt_for_select_value .

    $default  вывод с использованием правила 39 (opt_for_select_value_list)


Состояние 111

   56 insert_query: TOK_INSERT TOK_INTO table_name BRACKETS_LEFT opt_for_insert_columns_list BRACKETS_RIGHT TOK_VALUES BRACKETS_LEFT opt_for_insert_values_list . BRACKETS_RIGHT
   60 opt_for_insert_values_list: opt_for_insert_values_list . COMMA insert_quoted_value

    BRACKETS_RIGHT  сдвиг, и переход в состояние 114
    COMMA           сдвиг, и переход в состояние 94


Состояние 112

   38 opt_for_where_expression: opt_for_select_expression_name TOK_IN BRACKETS_LEFT opt_for_select_value_list BRACKETS_RIGHT .

    $default  вывод с использованием правила 38 (opt_for_where_expression)


Состояние 113

   40 opt_for_select_value_list: opt_for_select_value_list COMMA . opt_for_select_value

    VAL_INT            сдвиг, и переход в состояние 75
    VAL_NAME           сдвиг, и переход в состояние 76
    VAL_QUOTED_STRING  сдвиг, и переход в состояние 77

    opt_for_select_value  переход в состояние 115
    quoted_custom_value   переход в состояние 100


Состояние 114

   56 insert_query: TOK_INSERT TOK_INTO table_name BRACKETS_LEFT opt_for_insert_columns_list BRACKETS_RIGHT TOK_VALUES BRACKETS_LEFT opt_for_insert_values_list BRACKETS_RIGHT .

    $default  вывод с использованием правила 56 (insert_query)


Состояние 115

   40 opt_for_select_value_list: opt_for_select_value_list COMMA opt_for_select_value .

    $default  вывод с использованием правила 40 (opt_for_select_value_list)
