signum=2	Time=1496993173	[Fri Jun  9 17:26:13 2017
]
signum=11	Time=1496993203	[Fri Jun  9 17:26:43 2017
]
signum=11	Time=1496993203	[Fri Jun  9 17:26:43 2017
]
signum=11	Time=1496993307	[Fri Jun  9 17:28:27 2017
]
signum=11	Time=1496993307	[Fri Jun  9 17:28:27 2017
]
signum=11	Time=1496993313	[Fri Jun  9 17:28:33 2017
]
signum=2	Time=1497336163	[Tue Jun 13 16:42:43 2017
]
signum=2	Time=1497336193	[Tue Jun 13 16:43:13 2017
]
signum=11	Time=1497336239	[Tue Jun 13 16:43:59 2017
]
signum=11	Time=1497336260	[Tue Jun 13 16:44:20 2017
]
signum=11	Time=1497336419	[Tue Jun 13 16:46:59 2017
]
signum=2	Time=1497337632	[Tue Jun 13 17:07:12 2017
]
signum=2	Time=1499039934	[Mon Jul  3 09:58:54 2017
]
signum=2	Time=1501478131	[Mon Jul 31 15:15:31 2017
]
signum=2	Time=1501478494	[Mon Jul 31 15:21:34 2017
]
signum=2	Time=1501479036	[Mon Jul 31 15:30:36 2017
]
signum=2	Time=1501479043	[Mon Jul 31 15:30:43 2017
]
signum=2	Time=1501479078	[Mon Jul 31 15:31:18 2017
]
signum=2	Time=1501479373	[Mon Jul 31 15:36:13 2017
]
signum=2	Time=1501479462	[Mon Jul 31 15:37:42 2017
]
signum=2	Time=1501479508	[Mon Jul 31 15:38:28 2017
]
signum=2	Time=1501479541	[Mon Jul 31 15:39:01 2017
]
signum=2	Time=1501479561	[Mon Jul 31 15:39:21 2017
]
